<?xml version="1.0" encoding="UTF-8"?>
<testsuite name="edu.tec.ic6821.app.tasks.TaskControllerTests" tests="2" skipped="0" failures="0" errors="0" timestamp="2020-07-18T01:13:18" hostname="b02cd68a3235" time="0.024">
  <properties/>
  <testcase name="givenInvalidIdReturnBadRequest" classname="edu.tec.ic6821.app.tasks.TaskControllerTests" time="0.014"/>
  <testcase name="givenInvalidTaskListIdReturnBadRequest" classname="edu.tec.ic6821.app.tasks.TaskControllerTests" time="0.008"/>
  <system-out><![CDATA[2020-07-18 01:13:18.209  INFO 117 --- [    Test worker] .b.t.a.w.s.WebMvcTestContextBootstrapper : Neither @ContextConfiguration nor @ContextHierarchy found for test class [edu.tec.ic6821.app.tasks.TaskControllerTests], using SpringBootContextLoader
2020-07-18 01:13:18.210  INFO 117 --- [    Test worker] o.s.t.c.support.AbstractContextLoader    : Could not detect default resource locations for test class [edu.tec.ic6821.app.tasks.TaskControllerTests]: no resource found for suffixes {-context.xml, Context.groovy}.
2020-07-18 01:13:18.210  INFO 117 --- [    Test worker] t.c.s.AnnotationConfigContextLoaderUtils : Could not detect default configuration classes for test class [edu.tec.ic6821.app.tasks.TaskControllerTests]: TaskControllerTests does not declare any static, non-private, non-final, nested classes annotated with @Configuration.
2020-07-18 01:13:18.221  INFO 117 --- [    Test worker] .b.t.c.SpringBootTestContextBootstrapper : Found @SpringBootConfiguration edu.tec.ic6821.app.Application for test class edu.tec.ic6821.app.tasks.TaskControllerTests
2020-07-18 01:13:18.222  INFO 117 --- [    Test worker] .b.t.a.w.s.WebMvcTestContextBootstrapper : Loaded default TestExecutionListener class names from location [META-INF/spring.factories]: [org.springframework.boot.test.autoconfigure.restdocs.RestDocsTestExecutionListener, org.springframework.boot.test.autoconfigure.web.client.MockRestServiceServerResetTestExecutionListener, org.springframework.boot.test.autoconfigure.web.servlet.MockMvcPrintOnlyOnFailureTestExecutionListener, org.springframework.boot.test.autoconfigure.web.servlet.WebDriverTestExecutionListener, org.springframework.boot.test.mock.mockito.MockitoTestExecutionListener, org.springframework.boot.test.mock.mockito.ResetMocksTestExecutionListener, org.springframework.test.context.web.ServletTestExecutionListener, org.springframework.test.context.support.DirtiesContextBeforeModesTestExecutionListener, org.springframework.test.context.support.DependencyInjectionTestExecutionListener, org.springframework.test.context.support.DirtiesContextTestExecutionListener, org.springframework.test.context.transaction.TransactionalTestExecutionListener, org.springframework.test.context.jdbc.SqlScriptsTestExecutionListener]
2020-07-18 01:13:18.222  INFO 117 --- [    Test worker] .b.t.a.w.s.WebMvcTestContextBootstrapper : Using TestExecutionListeners: [org.springframework.test.context.web.ServletTestExecutionListener@6447fd23, org.springframework.test.context.support.DirtiesContextBeforeModesTestExecutionListener@47dfd686, org.springframework.boot.test.mock.mockito.MockitoTestExecutionListener@4b45a005, org.springframework.boot.test.autoconfigure.SpringBootDependencyInjectionTestExecutionListener@7dba5ebb, org.springframework.test.context.support.DirtiesContextTestExecutionListener@264f1aca, org.springframework.test.context.transaction.TransactionalTestExecutionListener@1f1d9363, org.springframework.test.context.jdbc.SqlScriptsTestExecutionListener@79be5d0d, org.springframework.boot.test.autoconfigure.restdocs.RestDocsTestExecutionListener@565e8b07, org.springframework.boot.test.autoconfigure.web.client.MockRestServiceServerResetTestExecutionListener@899524c, org.springframework.boot.test.autoconfigure.web.servlet.MockMvcPrintOnlyOnFailureTestExecutionListener@7bec5eb7, org.springframework.boot.test.autoconfigure.web.servlet.WebDriverTestExecutionListener@70b122f2, org.springframework.boot.test.mock.mockito.ResetMocksTestExecutionListener@52158950]

  .   ____          _            __ _ _
 /\\ / ___'_ __ _ _(_)_ __  __ _ \ \ \ \
( ( )\___ | '_ | '_| | '_ \/ _` | \ \ \ \
 \\/  ___)| |_)| | | | | || (_| |  ) ) ) )
  '  |____| .__|_| |_|_| |_\__, | / / / /
 =========|_|==============|___/=/_/_/_/
 :: Spring Boot ::        (v2.1.2.RELEASE)

2020-07-18 01:13:18.243  INFO 117 --- [    Test worker] e.t.i.app.tasks.TaskControllerTests      : Starting TaskControllerTests on b02cd68a3235 with PID 117 (started by ? in /app)
2020-07-18 01:13:18.244  INFO 117 --- [    Test worker] e.t.i.app.tasks.TaskControllerTests      : No active profile set, falling back to default profiles: default
2020-07-18 01:13:18.450  INFO 117 --- [    Test worker] trationDelegate$BeanPostProcessorChecker : Bean 'org.springframework.security.config.annotation.configuration.ObjectPostProcessorConfiguration' of type [org.springframework.security.config.annotation.configuration.ObjectPostProcessorConfiguration$$EnhancerBySpringCGLIB$$f6e638ef] is not eligible for getting processed by all BeanPostProcessors (for example: not eligible for auto-proxying)
2020-07-18 01:13:18.453  INFO 117 --- [    Test worker] trationDelegate$BeanPostProcessorChecker : Bean 'objectPostProcessor' of type [org.springframework.security.config.annotation.configuration.AutowireBeanFactoryObjectPostProcessor] is not eligible for getting processed by all BeanPostProcessors (for example: not eligible for auto-proxying)
2020-07-18 01:13:18.454  INFO 117 --- [    Test worker] trationDelegate$BeanPostProcessorChecker : Bean 'org.springframework.security.access.expression.method.DefaultMethodSecurityExpressionHandler@435347fc' of type [org.springframework.security.access.expression.method.DefaultMethodSecurityExpressionHandler] is not eligible for getting processed by all BeanPostProcessors (for example: not eligible for auto-proxying)
2020-07-18 01:13:18.459  INFO 117 --- [    Test worker] trationDelegate$BeanPostProcessorChecker : Bean 'org.springframework.security.config.annotation.method.configuration.GlobalMethodSecurityConfiguration' of type [org.springframework.security.config.annotation.method.configuration.GlobalMethodSecurityConfiguration$$EnhancerBySpringCGLIB$$1bbadba1] is not eligible for getting processed by all BeanPostProcessors (for example: not eligible for auto-proxying)
2020-07-18 01:13:18.463  INFO 117 --- [    Test worker] trationDelegate$BeanPostProcessorChecker : Bean 'methodSecurityMetadataSource' of type [org.springframework.security.access.method.DelegatingMethodSecurityMetadataSource] is not eligible for getting processed by all BeanPostProcessors (for example: not eligible for auto-proxying)
2020-07-18 01:13:18.790  INFO 117 --- [    Test worker] o.s.s.web.DefaultSecurityFilterChain     : Creating filter chain: any request, [org.springframework.security.web.context.request.async.WebAsyncManagerIntegrationFilter@5b15ae4b, org.springframework.security.web.context.SecurityContextPersistenceFilter@48d70186, org.springframework.security.web.header.HeaderWriterFilter@3dc6230d, org.springframework.web.filter.CorsFilter@7abeb6c4, org.springframework.security.web.authentication.logout.LogoutFilter@6f2f8eca, edu.tec.ic6821.app.security.config.JwtAuthTokenFilter@72668daf, org.springframework.security.web.savedrequest.RequestCacheAwareFilter@1bfaa192, org.springframework.security.web.servletapi.SecurityContextHolderAwareRequestFilter@172837ab, org.springframework.security.web.authentication.AnonymousAuthenticationFilter@5ee74fda, org.springframework.security.web.session.SessionManagementFilter@32d944c0, org.springframework.security.web.access.ExceptionTranslationFilter@73840f49, org.springframework.security.web.access.intercept.FilterSecurityInterceptor@614c0363]
2020-07-18 01:13:18.952  INFO 117 --- [    Test worker] o.s.b.t.m.w.SpringBootMockServletContext : Initializing Spring TestDispatcherServlet ''
2020-07-18 01:13:18.953  INFO 117 --- [    Test worker] o.s.t.web.servlet.TestDispatcherServlet  : Initializing Servlet ''
2020-07-18 01:13:18.961  INFO 117 --- [    Test worker] o.s.t.web.servlet.TestDispatcherServlet  : Completed initialization in 8 ms
2020-07-18 01:13:18.983  INFO 117 --- [    Test worker] e.t.i.app.tasks.TaskControllerTests      : Started TaskControllerTests in 0.758 seconds (JVM running for 11.174)
2020-07-18 01:13:18.998  WARN 117 --- [    Test worker] .w.s.m.s.DefaultHandlerExceptionResolver : Resolved [org.springframework.web.method.annotation.MethodArgumentTypeMismatchException: Failed to convert value of type 'java.lang.String' to required type 'java.lang.Long'; nested exception is java.lang.NumberFormatException: For input string: "id"]
2020-07-18 01:13:19.007  WARN 117 --- [    Test worker] .w.s.m.s.DefaultHandlerExceptionResolver : Resolved [org.springframework.web.method.annotation.MethodArgumentTypeMismatchException: Failed to convert value of type 'java.lang.String' to required type 'java.lang.Long'; nested exception is java.lang.NumberFormatException: For input string: "task_list_id"]
]]></system-out>
  <system-err><![CDATA[]]></system-err>
</testsuite>
