<?xml version="1.0" encoding="UTF-8"?>
<testsuite name="edu.tec.ic6821.app.greetings.GreetingControllerTests" tests="1" skipped="0" failures="0" errors="0" timestamp="2020-07-18T01:13:19" hostname="b02cd68a3235" time="0.013">
  <properties/>
  <testcase name="whenGreet_thenSendGreeting" classname="edu.tec.ic6821.app.greetings.GreetingControllerTests" time="0.013"/>
  <system-out><![CDATA[2020-07-18 01:13:19.041  INFO 117 --- [    Test worker] .b.t.a.w.s.WebMvcTestContextBootstrapper : Neither @ContextConfiguration nor @ContextHierarchy found for test class [edu.tec.ic6821.app.greetings.GreetingControllerTests], using SpringBootContextLoader
2020-07-18 01:13:19.042  INFO 117 --- [    Test worker] o.s.t.c.support.AbstractContextLoader    : Could not detect default resource locations for test class [edu.tec.ic6821.app.greetings.GreetingControllerTests]: no resource found for suffixes {-context.xml, Context.groovy}.
2020-07-18 01:13:19.043  INFO 117 --- [    Test worker] t.c.s.AnnotationConfigContextLoaderUtils : Could not detect default configuration classes for test class [edu.tec.ic6821.app.greetings.GreetingControllerTests]: GreetingControllerTests does not declare any static, non-private, non-final, nested classes annotated with @Configuration.
2020-07-18 01:13:19.049  INFO 117 --- [    Test worker] .b.t.c.SpringBootTestContextBootstrapper : Found @SpringBootConfiguration edu.tec.ic6821.app.Application for test class edu.tec.ic6821.app.greetings.GreetingControllerTests
2020-07-18 01:13:19.050  INFO 117 --- [    Test worker] .b.t.a.w.s.WebMvcTestContextBootstrapper : Loaded default TestExecutionListener class names from location [META-INF/spring.factories]: [org.springframework.boot.test.autoconfigure.restdocs.RestDocsTestExecutionListener, org.springframework.boot.test.autoconfigure.web.client.MockRestServiceServerResetTestExecutionListener, org.springframework.boot.test.autoconfigure.web.servlet.MockMvcPrintOnlyOnFailureTestExecutionListener, org.springframework.boot.test.autoconfigure.web.servlet.WebDriverTestExecutionListener, org.springframework.boot.test.mock.mockito.MockitoTestExecutionListener, org.springframework.boot.test.mock.mockito.ResetMocksTestExecutionListener, org.springframework.test.context.web.ServletTestExecutionListener, org.springframework.test.context.support.DirtiesContextBeforeModesTestExecutionListener, org.springframework.test.context.support.DependencyInjectionTestExecutionListener, org.springframework.test.context.support.DirtiesContextTestExecutionListener, org.springframework.test.context.transaction.TransactionalTestExecutionListener, org.springframework.test.context.jdbc.SqlScriptsTestExecutionListener]
2020-07-18 01:13:19.050  INFO 117 --- [    Test worker] .b.t.a.w.s.WebMvcTestContextBootstrapper : Using TestExecutionListeners: [org.springframework.test.context.web.ServletTestExecutionListener@3913ecd0, org.springframework.test.context.support.DirtiesContextBeforeModesTestExecutionListener@e207d83, org.springframework.boot.test.mock.mockito.MockitoTestExecutionListener@22569f2f, org.springframework.boot.test.autoconfigure.SpringBootDependencyInjectionTestExecutionListener@1718a488, org.springframework.test.context.support.DirtiesContextTestExecutionListener@314bafd7, org.springframework.test.context.transaction.TransactionalTestExecutionListener@3c0a1018, org.springframework.test.context.jdbc.SqlScriptsTestExecutionListener@2ab35f51, org.springframework.boot.test.autoconfigure.restdocs.RestDocsTestExecutionListener@78dd826b, org.springframework.boot.test.autoconfigure.web.client.MockRestServiceServerResetTestExecutionListener@1404afb0, org.springframework.boot.test.autoconfigure.web.servlet.MockMvcPrintOnlyOnFailureTestExecutionListener@78e2e7f8, org.springframework.boot.test.autoconfigure.web.servlet.WebDriverTestExecutionListener@481b6662, org.springframework.boot.test.mock.mockito.ResetMocksTestExecutionListener@5c417bd0]

  .   ____          _            __ _ _
 /\\ / ___'_ __ _ _(_)_ __  __ _ \ \ \ \
( ( )\___ | '_ | '_| | '_ \/ _` | \ \ \ \
 \\/  ___)| |_)| | | | | || (_| |  ) ) ) )
  '  |____| .__|_| |_|_| |_\__, | / / / /
 =========|_|==============|___/=/_/_/_/
 :: Spring Boot ::        (v2.1.2.RELEASE)

2020-07-18 01:13:19.070  INFO 117 --- [    Test worker] e.t.i.a.g.GreetingControllerTests        : Starting GreetingControllerTests on b02cd68a3235 with PID 117 (started by ? in /app)
2020-07-18 01:13:19.071  INFO 117 --- [    Test worker] e.t.i.a.g.GreetingControllerTests        : No active profile set, falling back to default profiles: default
2020-07-18 01:13:19.258  INFO 117 --- [    Test worker] trationDelegate$BeanPostProcessorChecker : Bean 'org.springframework.security.config.annotation.configuration.ObjectPostProcessorConfiguration' of type [org.springframework.security.config.annotation.configuration.ObjectPostProcessorConfiguration$$EnhancerBySpringCGLIB$$f6e638ef] is not eligible for getting processed by all BeanPostProcessors (for example: not eligible for auto-proxying)
2020-07-18 01:13:19.262  INFO 117 --- [    Test worker] trationDelegate$BeanPostProcessorChecker : Bean 'objectPostProcessor' of type [org.springframework.security.config.annotation.configuration.AutowireBeanFactoryObjectPostProcessor] is not eligible for getting processed by all BeanPostProcessors (for example: not eligible for auto-proxying)
2020-07-18 01:13:19.262  INFO 117 --- [    Test worker] trationDelegate$BeanPostProcessorChecker : Bean 'org.springframework.security.access.expression.method.DefaultMethodSecurityExpressionHandler@225eb550' of type [org.springframework.security.access.expression.method.DefaultMethodSecurityExpressionHandler] is not eligible for getting processed by all BeanPostProcessors (for example: not eligible for auto-proxying)
2020-07-18 01:13:19.269  INFO 117 --- [    Test worker] trationDelegate$BeanPostProcessorChecker : Bean 'org.springframework.security.config.annotation.method.configuration.GlobalMethodSecurityConfiguration' of type [org.springframework.security.config.annotation.method.configuration.GlobalMethodSecurityConfiguration$$EnhancerBySpringCGLIB$$1bbadba1] is not eligible for getting processed by all BeanPostProcessors (for example: not eligible for auto-proxying)
2020-07-18 01:13:19.273  INFO 117 --- [    Test worker] trationDelegate$BeanPostProcessorChecker : Bean 'methodSecurityMetadataSource' of type [org.springframework.security.access.method.DelegatingMethodSecurityMetadataSource] is not eligible for getting processed by all BeanPostProcessors (for example: not eligible for auto-proxying)
2020-07-18 01:13:19.542  INFO 117 --- [    Test worker] o.s.s.web.DefaultSecurityFilterChain     : Creating filter chain: any request, [org.springframework.security.web.context.request.async.WebAsyncManagerIntegrationFilter@38b60f3c, org.springframework.security.web.context.SecurityContextPersistenceFilter@6cc05838, org.springframework.security.web.header.HeaderWriterFilter@7327e28b, org.springframework.web.filter.CorsFilter@3732be72, org.springframework.security.web.authentication.logout.LogoutFilter@6c35c80a, edu.tec.ic6821.app.security.config.JwtAuthTokenFilter@7e4935d6, org.springframework.security.web.savedrequest.RequestCacheAwareFilter@7cd20e66, org.springframework.security.web.servletapi.SecurityContextHolderAwareRequestFilter@30ad98cd, org.springframework.security.web.authentication.AnonymousAuthenticationFilter@f616f66, org.springframework.security.web.session.SessionManagementFilter@485282d0, org.springframework.security.web.access.ExceptionTranslationFilter@418a211f, org.springframework.security.web.access.intercept.FilterSecurityInterceptor@439ce514]
2020-07-18 01:13:19.692  INFO 117 --- [    Test worker] o.s.s.concurrent.ThreadPoolTaskExecutor  : Initializing ExecutorService 'applicationTaskExecutor'
2020-07-18 01:13:19.811  INFO 117 --- [    Test worker] o.s.b.t.m.w.SpringBootMockServletContext : Initializing Spring TestDispatcherServlet ''
2020-07-18 01:13:19.811  INFO 117 --- [    Test worker] o.s.t.web.servlet.TestDispatcherServlet  : Initializing Servlet ''
2020-07-18 01:13:19.820  INFO 117 --- [    Test worker] o.s.t.web.servlet.TestDispatcherServlet  : Completed initialization in 9 ms
2020-07-18 01:13:19.846  INFO 117 --- [    Test worker] e.t.i.a.g.GreetingControllerTests        : Started GreetingControllerTests in 0.794 seconds (JVM running for 12.036)
]]></system-out>
  <system-err><![CDATA[]]></system-err>
</testsuite>
