<?xml version="1.0" encoding="UTF-8"?>
<testsuite name="edu.tec.ic6821.app.users.UserServiceTests" tests="2" skipped="0" failures="0" errors="0" timestamp="2020-07-18T01:13:16" hostname="b02cd68a3235" time="0.299">
  <properties/>
  <testcase name="givenNewUsername_whenCreate_thenReturnNewUser" classname="edu.tec.ic6821.app.users.UserServiceTests" time="0.296"/>
  <testcase name="givenExistingUsername_whenCreate_thenReturnEmpty" classname="edu.tec.ic6821.app.users.UserServiceTests" time="0.002"/>
  <system-out><![CDATA[2020-07-18 01:13:16.026  INFO 117 --- [    Test worker] o.s.t.c.s.DefaultTestContextBootstrapper : Neither @ContextConfiguration nor @ContextHierarchy found for test class [edu.tec.ic6821.app.users.UserServiceTests], using DelegatingSmartContextLoader
2020-07-18 01:13:16.027  INFO 117 --- [    Test worker] o.s.t.c.support.AbstractContextLoader    : Could not detect default resource locations for test class [edu.tec.ic6821.app.users.UserServiceTests]: no resource found for suffixes {-context.xml}.
2020-07-18 01:13:16.029  INFO 117 --- [    Test worker] c.s.AbstractDelegatingSmartContextLoader : AnnotationConfigContextLoader detected default configuration classes for context configuration [ContextConfigurationAttributes@6eb413ba declaringClass = 'edu.tec.ic6821.app.users.UserServiceTests', classes = '{class edu.tec.ic6821.app.users.UserServiceTests$UserServiceTestsConfiguration}', locations = '{}', inheritLocations = false, initializers = '{}', inheritInitializers = true, name = [null], contextLoaderClass = 'org.springframework.test.context.ContextLoader'].
2020-07-18 01:13:16.030  INFO 117 --- [    Test worker] o.s.t.c.s.DefaultTestContextBootstrapper : Loaded default TestExecutionListener class names from location [META-INF/spring.factories]: [org.springframework.boot.test.autoconfigure.restdocs.RestDocsTestExecutionListener, org.springframework.boot.test.autoconfigure.web.client.MockRestServiceServerResetTestExecutionListener, org.springframework.boot.test.autoconfigure.web.servlet.MockMvcPrintOnlyOnFailureTestExecutionListener, org.springframework.boot.test.autoconfigure.web.servlet.WebDriverTestExecutionListener, org.springframework.boot.test.mock.mockito.MockitoTestExecutionListener, org.springframework.boot.test.mock.mockito.ResetMocksTestExecutionListener, org.springframework.test.context.web.ServletTestExecutionListener, org.springframework.test.context.support.DirtiesContextBeforeModesTestExecutionListener, org.springframework.test.context.support.DependencyInjectionTestExecutionListener, org.springframework.test.context.support.DirtiesContextTestExecutionListener, org.springframework.test.context.transaction.TransactionalTestExecutionListener, org.springframework.test.context.jdbc.SqlScriptsTestExecutionListener]
2020-07-18 01:13:16.031  INFO 117 --- [    Test worker] o.s.t.c.s.DefaultTestContextBootstrapper : Using TestExecutionListeners: [org.springframework.test.context.web.ServletTestExecutionListener@107bacbf, org.springframework.test.context.support.DirtiesContextBeforeModesTestExecutionListener@5d7109b8, org.springframework.boot.test.mock.mockito.MockitoTestExecutionListener@1316f86f, org.springframework.test.context.support.DependencyInjectionTestExecutionListener@1de1f81d, org.springframework.test.context.support.DirtiesContextTestExecutionListener@50b2a14a, org.springframework.test.context.transaction.TransactionalTestExecutionListener@5db4e2d, org.springframework.test.context.jdbc.SqlScriptsTestExecutionListener@212a0b79, org.springframework.boot.test.autoconfigure.restdocs.RestDocsTestExecutionListener@33992e51, org.springframework.boot.test.autoconfigure.web.client.MockRestServiceServerResetTestExecutionListener@76646199, org.springframework.boot.test.autoconfigure.web.servlet.MockMvcPrintOnlyOnFailureTestExecutionListener@2991e35e, org.springframework.boot.test.autoconfigure.web.servlet.WebDriverTestExecutionListener@581154d6, org.springframework.boot.test.mock.mockito.ResetMocksTestExecutionListener@22000223]
]]></system-out>
  <system-err><![CDATA[]]></system-err>
</testsuite>
