<?xml version="1.0" encoding="UTF-8"?>
<testsuite name="edu.tec.ic6821.app.tasks.TaskServiceTests" tests="2" skipped="0" failures="0" errors="0" timestamp="2020-07-18T01:13:19" hostname="b02cd68a3235" time="0.006">
  <properties/>
  <testcase name="returnEmptyWhenTaskDoesNotExist" classname="edu.tec.ic6821.app.tasks.TaskServiceTests" time="0.003"/>
  <testcase name="givenNewTask_whenCreate_thenReturnNewTask" classname="edu.tec.ic6821.app.tasks.TaskServiceTests" time="0.002"/>
  <system-out><![CDATA[2020-07-18 01:13:19.014  INFO 117 --- [    Test worker] o.s.t.c.s.DefaultTestContextBootstrapper : Neither @ContextConfiguration nor @ContextHierarchy found for test class [edu.tec.ic6821.app.tasks.TaskServiceTests], using DelegatingSmartContextLoader
2020-07-18 01:13:19.015  INFO 117 --- [    Test worker] o.s.t.c.support.AbstractContextLoader    : Could not detect default resource locations for test class [edu.tec.ic6821.app.tasks.TaskServiceTests]: no resource found for suffixes {-context.xml}.
2020-07-18 01:13:19.015  INFO 117 --- [    Test worker] c.s.AbstractDelegatingSmartContextLoader : AnnotationConfigContextLoader detected default configuration classes for context configuration [ContextConfigurationAttributes@1ae7f4de declaringClass = 'edu.tec.ic6821.app.tasks.TaskServiceTests', classes = '{class edu.tec.ic6821.app.tasks.TaskServiceTests$TaskServiceTestsConfiguration}', locations = '{}', inheritLocations = false, initializers = '{}', inheritInitializers = true, name = [null], contextLoaderClass = 'org.springframework.test.context.ContextLoader'].
2020-07-18 01:13:19.016  INFO 117 --- [    Test worker] o.s.t.c.s.DefaultTestContextBootstrapper : Loaded default TestExecutionListener class names from location [META-INF/spring.factories]: [org.springframework.boot.test.autoconfigure.restdocs.RestDocsTestExecutionListener, org.springframework.boot.test.autoconfigure.web.client.MockRestServiceServerResetTestExecutionListener, org.springframework.boot.test.autoconfigure.web.servlet.MockMvcPrintOnlyOnFailureTestExecutionListener, org.springframework.boot.test.autoconfigure.web.servlet.WebDriverTestExecutionListener, org.springframework.boot.test.mock.mockito.MockitoTestExecutionListener, org.springframework.boot.test.mock.mockito.ResetMocksTestExecutionListener, org.springframework.test.context.web.ServletTestExecutionListener, org.springframework.test.context.support.DirtiesContextBeforeModesTestExecutionListener, org.springframework.test.context.support.DependencyInjectionTestExecutionListener, org.springframework.test.context.support.DirtiesContextTestExecutionListener, org.springframework.test.context.transaction.TransactionalTestExecutionListener, org.springframework.test.context.jdbc.SqlScriptsTestExecutionListener]
2020-07-18 01:13:19.017  INFO 117 --- [    Test worker] o.s.t.c.s.DefaultTestContextBootstrapper : Using TestExecutionListeners: [org.springframework.test.context.web.ServletTestExecutionListener@6566a80e, org.springframework.test.context.support.DirtiesContextBeforeModesTestExecutionListener@5eccefb0, org.springframework.boot.test.mock.mockito.MockitoTestExecutionListener@14d9de76, org.springframework.test.context.support.DependencyInjectionTestExecutionListener@31bd9937, org.springframework.test.context.support.DirtiesContextTestExecutionListener@614b61d6, org.springframework.test.context.transaction.TransactionalTestExecutionListener@58c3a320, org.springframework.test.context.jdbc.SqlScriptsTestExecutionListener@233fc20, org.springframework.boot.test.autoconfigure.restdocs.RestDocsTestExecutionListener@5f9aa970, org.springframework.boot.test.autoconfigure.web.client.MockRestServiceServerResetTestExecutionListener@65652684, org.springframework.boot.test.autoconfigure.web.servlet.MockMvcPrintOnlyOnFailureTestExecutionListener@207a53ab, org.springframework.boot.test.autoconfigure.web.servlet.WebDriverTestExecutionListener@3d356978, org.springframework.boot.test.mock.mockito.ResetMocksTestExecutionListener@37ee9687]
]]></system-out>
  <system-err><![CDATA[]]></system-err>
</testsuite>
